<?xml version="1.0" encoding="UTF-8"?>
<!-- Generated by org.testng.reporters.JUnitReportReporter -->
<testsuite skipped="0" hostname="Shwetanks-Air" name="Selenium_Automation_Framework.Selenium_Automation_Framework.AppTest" tests="1" failures="0" timestamp="08 Feb 2018 16:33:01 GMT" time="0.001" errors="0">
  <testcase name="testApp" time="0.001" classname="Selenium_Automation_Framework.Selenium_Automation_Framework.AppTest"/>
</testsuite> <!-- Selenium_Automation_Framework.Selenium_Automation_Framework.AppTest -->
